# JRE version: OpenJDK Runtime Environment (11.0.13) (build 11.0.13+0-b1751.21-8125866)
# Java VM: OpenJDK 64-Bit Server VM (11.0.13+0-b1751.21-8125866, mixed mode, tiered, compressed oops, g1 gc, windows-amd64)
Heap:
 garbage-first heap   total 1144832K, used 292655K [0x0000000080000000, 0x0000000100000000)
  region size 1024K, 2 young (2048K), 2 survivors (2048K)
 Metaspace       used 140448K, capacity 143804K, committed 143984K, reserved 1175552K
  class space    used 17076K, capacity 18314K, committed 18368K, reserved 1048576K
GC Heap History (20 events):
Event: 55.031 GC heap after
{Heap after GC invocations=63 (full 0):
 garbage-first heap   total 284672K, used 254976K [0x0000000080000000, 0x0000000100000000)
  region size 1024K, 2 young (2048K), 2 survivors (2048K)
 Metaspace       used 139856K, capacity 143123K, committed 143216K, reserved 1173504K
  class space    used 17035K, capacity 18293K, committed 18368K, reserved 1048576K
}
Event: 55.045 GC heap before
{Heap before GC invocations=63 (full 0):
 garbage-first heap   total 284672K, used 266240K [0x0000000080000000, 0x0000000100000000)
  region size 1024K, 13 young (13312K), 2 survivors (2048K)
 Metaspace       used 139856K, capacity 143123K, committed 143216K, reserved 1173504K
  class space    used 17035K, capacity 18293K, committed 18368K, reserved 1048576K
}
Event: 55.056 GC heap after
{Heap after GC invocations=64 (full 0):
 garbage-first heap   total 284672K, used 263676K [0x0000000080000000, 0x0000000100000000)
  region size 1024K, 2 young (2048K), 2 survivors (2048K)
 Metaspace       used 139856K, capacity 143123K, committed 143216K, reserved 1173504K
  class space    used 17035K, capacity 18293K, committed 18368K, reserved 1048576K
}
Event: 55.073 GC heap before
{Heap before GC invocations=64 (full 0):
 garbage-first heap   total 284672K, used 274940K [0x0000000080000000, 0x0000000100000000)
  region size 1024K, 13 young (13312K), 2 survivors (2048K)
 Metaspace       used 139856K, capacity 143123K, committed 143216K, reserved 1173504K
  class space    used 17035K, capacity 18293K, committed 18368K, reserved 1048576K
}
Event: 55.088 GC heap after
{Heap after GC invocations=65 (full 0):
 garbage-first heap   total 349184K, used 272233K [0x0000000080000000, 0x0000000100000000)
  region size 1024K, 2 young (2048K), 2 survivors (2048K)
 Metaspace       used 139856K, capacity 143123K, committed 143216K, reserved 1173504K
  class space    used 17035K, capacity 18293K, committed 18368K, reserved 1048576K
}
Event: 55.174 GC heap before
{Heap before GC invocations=65 (full 0):
 garbage-first heap   total 349184K, used 287593K [0x0000000080000000, 0x0000000100000000)
  region size 1024K, 17 young (17408K), 2 survivors (2048K)
 Metaspace       used 139861K, capacity 143123K, committed 143216K, reserved 1173504K
  class space    used 17035K, capacity 18293K, committed 18368K, reserved 1048576K
}
Event: 55.184 GC heap after
{Heap after GC invocations=66 (full 0):
 garbage-first heap   total 349184K, used 279959K [0x0000000080000000, 0x0000000100000000)
  region size 1024K, 3 young (3072K), 3 survivors (3072K)
 Metaspace       used 139861K, capacity 143123K, committed 143216K, reserved 1173504K
  class space    used 17035K, capacity 18293K, committed 18368K, reserved 1048576K
}
Event: 55.369 GC heap before
{Heap before GC invocations=66 (full 0):
 garbage-first heap   total 349184K, used 294295K [0x0000000080000000, 0x0000000100000000)
  region size 1024K, 17 young (17408K), 3 survivors (3072K)
 Metaspace       used 140111K, capacity 143281K, committed 143472K, reserved 1175552K
  class space    used 17064K, capacity 18301K, committed 18368K, reserved 1048576K
}
Event: 55.373 GC heap after
{Heap after GC invocations=67 (full 0):
 garbage-first heap   total 349184K, used 281207K [0x0000000080000000, 0x0000000100000000)
  region size 1024K, 1 young (1024K), 1 survivors (1024K)
 Metaspace       used 140111K, capacity 143281K, committed 143472K, reserved 1175552K
  class space    used 17064K, capacity 18301K, committed 18368K, reserved 1048576K
}
Event: 55.488 GC heap before
{Heap before GC invocations=67 (full 0):
 garbage-first heap   total 349184K, used 297591K [0x0000000080000000, 0x0000000100000000)
  region size 1024K, 17 young (17408K), 1 survivors (1024K)
 Metaspace       used 140195K, capacity 143416K, committed 143728K, reserved 1175552K
  class space    used 17064K, capacity 18301K, committed 18368K, reserved 1048576K
}
Event: 55.492 GC heap after
{Heap after GC invocations=68 (full 0):
 garbage-first heap   total 349184K, used 282214K [0x0000000080000000, 0x0000000100000000)
  region size 1024K, 2 young (2048K), 2 survivors (2048K)
 Metaspace       used 140195K, capacity 143416K, committed 143728K, reserved 1175552K
  class space    used 17064K, capacity 18301K, committed 18368K, reserved 1048576K
}
Event: 55.573 GC heap before
{Heap before GC invocations=68 (full 0):
 garbage-first heap   total 349184K, used 297574K [0x0000000080000000, 0x0000000100000000)
  region size 1024K, 17 young (17408K), 2 survivors (2048K)
 Metaspace       used 140217K, capacity 143488K, committed 143728K, reserved 1175552K
  class space    used 17064K, capacity 18302K, committed 18368K, reserved 1048576K
}
Event: 55.594 GC heap after
{Heap after GC invocations=69 (full 0):
 garbage-first heap   total 508928K, used 292861K [0x0000000080000000, 0x0000000100000000)
  region size 1024K, 3 young (3072K), 3 survivors (3072K)
 Metaspace       used 140217K, capacity 143488K, committed 143728K, reserved 1175552K
  class space    used 17064K, capacity 18302K, committed 18368K, reserved 1048576K
}
Event: 55.836 GC heap before
{Heap before GC invocations=70 (full 0):
 garbage-first heap   total 508928K, used 355325K [0x0000000080000000, 0x0000000100000000)
  region size 1024K, 64 young (65536K), 3 survivors (3072K)
 Metaspace       used 140225K, capacity 143488K, committed 143728K, reserved 1175552K
  class space    used 17064K, capacity 18302K, committed 18368K, reserved 1048576K
}
Event: 55.888 GC heap after
{Heap after GC invocations=71 (full 0):
 garbage-first heap   total 508928K, used 332800K [0x0000000080000000, 0x0000000100000000)
  region size 1024K, 8 young (8192K), 8 survivors (8192K)
 Metaspace       used 140225K, capacity 143488K, committed 143728K, reserved 1175552K
  class space    used 17064K, capacity 18302K, committed 18368K, reserved 1048576K
}
Event: 55.992 GC heap before
{Heap before GC invocations=71 (full 0):
 garbage-first heap   total 508928K, used 380928K [0x0000000080000000, 0x0000000100000000)
  region size 1024K, 55 young (56320K), 8 survivors (8192K)
 Metaspace       used 140231K, capacity 143488K, committed 143728K, reserved 1175552K
  class space    used 17064K, capacity 18302K, committed 18368K, reserved 1048576K
}
Event: 56.038 GC heap after
{Heap after GC invocations=72 (full 0):
 garbage-first heap   total 508928K, used 373248K [0x0000000080000000, 0x0000000100000000)
  region size 1024K, 7 young (7168K), 7 survivors (7168K)
 Metaspace       used 140231K, capacity 143488K, committed 143728K, reserved 1175552K
  class space    used 17064K, capacity 18302K, committed 18368K, reserved 1048576K
}
Event: 56.226 GC heap before
{Heap before GC invocations=72 (full 0):
 garbage-first heap   total 508928K, used 403968K [0x0000000080000000, 0x0000000100000000)
  region size 1024K, 37 young (37888K), 7 survivors (7168K)
 Metaspace       used 140294K, capacity 143625K, committed 143728K, reserved 1175552K
  class space    used 17067K, capacity 18305K, committed 18368K, reserved 1048576K
}
Event: 56.248 GC heap after
{Heap after GC invocations=73 (full 0):
 garbage-first heap   total 508928K, used 382464K [0x0000000080000000, 0x0000000100000000)
  region size 1024K, 5 young (5120K), 5 survivors (5120K)
 Metaspace       used 140294K, capacity 143625K, committed 143728K, reserved 1175552K
  class space    used 17067K, capacity 18305K, committed 18368K, reserved 1048576K
}
Event: 81.340 GC heap before
{Heap before GC invocations=74 (full 0):
 garbage-first heap   total 508928K, used 321024K [0x0000000080000000, 0x0000000100000000)
  region size 1024K, 34 young (34816K), 5 survivors (5120K)
 Metaspace       used 140448K, capacity 143804K, committed 143984K, reserved 1175552K
  class space    used 17076K, capacity 18314K, committed 18368K, reserved 1048576K
}

